reload /dev/rmt/tps130d3nsv and press <enter> (immediately, while flashing)ready? /dev/rmt/tps130d3nsv and press <enter> (after flashing stops)eject  /dev/rmt/tps130d3nsv and press <enter> (immediately, while flashing)ready? /dev/rmt/tps130d3nsv and press <enter> (after flashing stops)reload /dev/rmt/tps130d3nsv and press <enter> (immediately, while flashing)ready? /dev/rmt/tps130d3nsv and press <enter> (after flashing stops)
devstat: /dev/rmt/tps130d3nsv
   ioctl STATUS rc= 0, errno= 0, Error 0
      mt_type= 9
      mt_dposn= 0x42
      mt_dsreg= 0x262
      mt_erreg= 0x2
      mt_resid= 0
      mt_fileno= 0
      mt_blkno= 0
   ioctl CAPABILITY rc= 0, errno= 0, Error 0
      mtsubtype= 0xa
      mtcapablity= 0x164f47
   ioctl GETBLKINFO rc= 0, errno= 0, Error 0
      minblksz= 1
      maxblksz= 16777215
      curblksz= 10240
      recblksz= 65536

devstat: after unload command
   ioctl STATUS rc= 0, errno= 0, Error 0
      mt_type= 9
      mt_dposn= 0x42
      mt_dsreg= 0x262
      mt_erreg= 0x2
      mt_resid= 0
      mt_fileno= 0
      mt_blkno= 0
   ioctl CAPABILITY rc= 0, errno= 0, Error 0
      mtsubtype= 0xa
      mtcapablity= 0x164f47
   ioctl GETBLKINFO rc= 0, errno= 0, Error 0
      minblksz= 1
      maxblksz= 16777215
      curblksz= 10240
      recblksz= 65536

devstat: after reload <enter> (while flashing)
   ioctl STATUS rc= 0, errno= 0, Error 0
      mt_type= 9
      mt_dposn= 0x0
      mt_dsreg= 0x200
      mt_erreg= 0x0
      mt_resid= 0
      mt_fileno= 0
      mt_blkno= 0
   ioctl CAPABILITY rc= 0, errno= 0, Error 0
      mtsubtype= 0xa
      mtcapablity= 0x164f47
   ioctl GETBLKINFO rc= 0, errno= 0, Error 0
      minblksz= 1
      maxblksz= 16777215
      curblksz= 10240
      recblksz= 65536

devstat: after reload <enter> ready (flashing stopped)
   ioctl STATUS rc= 0, errno= 0, Error 0
      mt_type= 9
      mt_dposn= 0x42
      mt_dsreg= 0x262
      mt_erreg= 0x2
      mt_resid= 0
      mt_fileno= 0
      mt_blkno= 0
   ioctl CAPABILITY rc= 0, errno= 0, Error 0
      mtsubtype= 0xa
      mtcapablity= 0x164f47
   ioctl GETBLKINFO rc= 0, errno= 0, Error 0
      minblksz= 1
      maxblksz= 16777215
      curblksz= 10240
      recblksz= 65536

devstat: after eject <enter> (while flashing)
   ioctl STATUS rc= 0, errno= 0, Error 0
      mt_type= 9
      mt_dposn= 0x0
      mt_dsreg= 0x200
      mt_erreg= 0x0
      mt_resid= 0
      mt_fileno= 0
      mt_blkno= 0
   ioctl CAPABILITY rc= 0, errno= 0, Error 0
      mtsubtype= 0xa
      mtcapablity= 0x164f47
   ioctl GETBLKINFO rc= 0, errno= 0, Error 0
      minblksz= 1
      maxblksz= 16777215
      curblksz= 10240
      recblksz= 65536

devstat: after eject <enter> ready (flashing stopped)
   ioctl STATUS rc= 0, errno= 0, Error 0
      mt_type= 9
      mt_dposn= 0x42
      mt_dsreg= 0x1262
      mt_erreg= 0x2
      mt_resid= 0
      mt_fileno= 0
      mt_blkno= 0
   ioctl CAPABILITY rc= 0, errno= 0, Error 0
      mtsubtype= 0xa
      mtcapablity= 0x164f47
   ioctl GETBLKINFO rc= 0, errno= 0, Error 0
      minblksz= 1
      maxblksz= 16777215
      curblksz= 10240
      recblksz= 65536

devstat: after reload <enter> (while flashing)
   ioctl STATUS rc= 0, errno= 0, Error 0
      mt_type= 9
      mt_dposn= 0x42
      mt_dsreg= 0x1262
      mt_erreg= 0x2
      mt_resid= 0
      mt_fileno= 0
      mt_blkno= 0
   ioctl CAPABILITY rc= 0, errno= 0, Error 0
      mtsubtype= 0xa
      mtcapablity= 0x164f47
   ioctl GETBLKINFO rc= 0, errno= 0, Error 0
      minblksz= 1
      maxblksz= 16777215
      curblksz= 10240
      recblksz= 65536

devstat: after reload <enter> ready (flashing stopped)
   ioctl STATUS rc= 0, errno= 0, Error 0
      mt_type= 9
      mt_dposn= 0x42
      mt_dsreg= 0x1262
      mt_erreg= 0x2
      mt_resid= 0
      mt_fileno= 0
      mt_blkno= 0
   ioctl CAPABILITY rc= 0, errno= 0, Error 0
      mtsubtype= 0xa
      mtcapablity= 0x164f47
   ioctl GETBLKINFO rc= 0, errno= 0, Error 0
      minblksz= 1
      maxblksz= 16777215
      curblksz= 10240
      recblksz= 65536
